2024-07-03 12:14:37 INFO  c.d.api.controller.AuthController - Trying to login = ram
2024-07-03 12:14:37 INFO  c.d.api.daoimpl.SystemUserDaoImpl - Loaded User =ram
2024-07-03 12:17:37 INFO  c.d.api.controller.AuthController - Trying to login = defaultsystemadmin
2024-07-03 12:17:37 INFO  c.d.api.daoimpl.SystemUserDaoImpl - Loaded User =defaultsystemadmin
2024-07-03 12:17:37 INFO  c.d.api.controller.AuthController - Logged In = defaultsystemadmin
2024-07-03 12:17:58 INFO  c.d.api.controller.AuthController - Trying to login = defaultstsyemadmin
2024-07-03 12:17:58 INFO  c.d.api.daoimpl.SystemUserDaoImpl - Loaded User =defaultstsyemadmin
2024-07-03 12:18:15 INFO  c.d.api.controller.AuthController - Trying to login = defaultstsyemadmin
2024-07-03 12:18:15 INFO  c.d.api.daoimpl.SystemUserDaoImpl - Loaded User =defaultstsyemadmin
2024-07-03 12:19:13 INFO  c.d.api.controller.AuthController - Trying to login = defaultstsyemadmin
2024-07-03 12:19:13 INFO  c.d.api.daoimpl.SystemUserDaoImpl - Loaded User =defaultstsyemadmin
2024-07-03 12:19:54 INFO  c.d.api.controller.AuthController - Trying to login = defaultsystemadmin
2024-07-03 12:19:54 INFO  c.d.api.daoimpl.SystemUserDaoImpl - Loaded User =defaultsystemadmin
2024-07-03 12:19:54 INFO  c.d.api.controller.AuthController - Logged In = defaultsystemadmin
2024-07-03 12:22:56 INFO  c.d.api.controller.AuthController - Trying to login = defaultsystemadmin
2024-07-03 12:22:56 INFO  c.d.api.daoimpl.SystemUserDaoImpl - Loaded User =defaultsystemadmin
2024-07-03 12:22:56 INFO  c.d.api.controller.AuthController - Logged In = defaultsystemadmin
2024-07-03 12:24:34 INFO  c.d.api.controller.AuthController - Trying to login = defaultsystemadmin
2024-07-03 12:24:34 INFO  c.d.api.daoimpl.SystemUserDaoImpl - Loaded User =defaultsystemadmin
2024-07-03 12:24:34 INFO  c.d.api.controller.AuthController - Logged In = defaultsystemadmin
2024-07-03 12:26:17 INFO  c.d.api.controller.AuthController - Trying to login = defaultsystemadmin
2024-07-03 12:26:17 INFO  c.d.api.daoimpl.SystemUserDaoImpl - Loaded User =defaultsystemadmin
2024-07-03 12:26:18 INFO  c.d.api.controller.AuthController - Logged In = defaultsystemadmin
2024-07-03 12:26:56 INFO  c.d.api.controller.AuthController - Trying to login = defaultsystemadmin
2024-07-03 12:26:56 INFO  c.d.api.daoimpl.SystemUserDaoImpl - Loaded User =defaultsystemadmin
2024-07-03 12:26:56 INFO  c.d.api.controller.AuthController - Logged In = defaultsystemadmin
2024-07-03 12:29:01 INFO  c.d.api.controller.AuthController - Trying to login = defaultsystemadmin
2024-07-03 12:29:01 INFO  c.d.api.daoimpl.SystemUserDaoImpl - Loaded User =defaultsystemadmin
2024-07-03 12:29:02 INFO  c.d.api.controller.AuthController - Logged In = defaultsystemadmin
2024-07-03 12:29:56 INFO  c.d.api.controller.AuthController - Trying to login = defaultsystemadmin
2024-07-03 12:29:56 INFO  c.d.api.daoimpl.SystemUserDaoImpl - Loaded User =defaultsystemadmin
2024-07-03 12:29:56 INFO  c.d.api.controller.AuthController - Logged In = defaultsystemadmin
2024-07-03 12:33:01 INFO  c.d.api.controller.AuthController - Trying to login = defaultsystemadmin
2024-07-03 12:33:01 INFO  c.d.api.daoimpl.SystemUserDaoImpl - Loaded User =defaultsystemadmin
2024-07-03 12:33:01 INFO  c.d.api.controller.AuthController - Logged In = defaultsystemadmin
2024-07-03 12:38:56 INFO  c.d.api.controller.AuthController - Trying to login = defaultsystemadmin
2024-07-03 12:38:56 INFO  c.d.api.daoimpl.SystemUserDaoImpl - Loaded User =defaultsystemadmin
2024-07-03 12:39:18 INFO  c.d.api.controller.AuthController - Trying to login = defaultsystemadmin
2024-07-03 12:39:18 INFO  c.d.api.daoimpl.SystemUserDaoImpl - Loaded User =defaultsystemadmin
2024-07-03 12:39:19 INFO  c.d.api.controller.AuthController - Logged In = defaultsystemadmin
2024-07-03 12:40:43 INFO  c.d.api.controller.AuthController - Trying to login = defaultsystemadmin
2024-07-03 12:40:43 INFO  c.d.api.daoimpl.SystemUserDaoImpl - Loaded User =defaultsystemadmin
2024-07-03 12:40:43 INFO  c.d.api.controller.AuthController - Logged In = defaultsystemadmin
2024-07-03 12:55:37 INFO  c.d.api.controller.AuthController - Trying to login = defaultsystemadmin
2024-07-03 12:55:37 INFO  c.d.api.daoimpl.SystemUserDaoImpl - Loaded User =defaultsystemadmin
2024-07-03 12:55:37 INFO  c.d.api.controller.AuthController - Logged In = defaultsystemadmin
2024-07-03 13:00:01 INFO  c.d.api.controller.AuthController - Trying to login = defaultsystemadmin
2024-07-03 13:00:01 INFO  c.d.api.daoimpl.SystemUserDaoImpl - Loaded User =defaultsystemadmin
2024-07-03 13:00:02 INFO  c.d.api.controller.AuthController - Logged In = defaultsystemadmin
2024-07-03 13:09:31 INFO  c.d.api.controller.AuthController - Trying to login = defaultsystemadmin
2024-07-03 13:09:31 INFO  c.d.api.daoimpl.SystemUserDaoImpl - Loaded User =defaultsystemadmin
2024-07-03 13:09:31 INFO  c.d.api.controller.AuthController - Logged In = defaultsystemadmin
